c:\users\johan\onedrive\desktop\rasterizerdemo\rasterizerdemo\rasterizerdemo\x64\debug\vc143.pdb
c:\users\johan\onedrive\desktop\rasterizerdemo\rasterizerdemo\rasterizerdemo\x64\debug\vc143.idb
c:\users\johan\onedrive\desktop\rasterizerdemo\rasterizerdemo\rasterizerdemo\x64\debug\windowhelper.obj
c:\users\johan\onedrive\desktop\rasterizerdemo\rasterizerdemo\rasterizerdemo\x64\debug\pipelinehelper.obj
c:\users\johan\onedrive\desktop\rasterizerdemo\rasterizerdemo\rasterizerdemo\x64\debug\d3d11helper.obj
c:\users\johan\onedrive\desktop\rasterizerdemo\rasterizerdemo\rasterizerdemo\x64\debug\main.obj
c:\users\johan\onedrive\desktop\rasterizerdemo\rasterizerdemo\x64\debug\pixelshader.cso
c:\users\johan\onedrive\desktop\rasterizerdemo\rasterizerdemo\x64\debug\vertexshader.cso
c:\users\johan\onedrive\desktop\rasterizerdemo\rasterizerdemo\x64\debug\rasterizerdemo.exe
c:\users\johan\onedrive\desktop\rasterizerdemo\rasterizerdemo\rasterizerdemo\x64\debug\rasterizerdemo.ilk
c:\users\johan\onedrive\desktop\rasterizerdemo\rasterizerdemo\x64\debug\rasterizerdemo.pdb
c:\users\johan\onedrive\desktop\3d-project-2025\3dproject\rasterizerdemo\rasterizerdemo\x64\debug\d3d11helper.obj
c:\users\johan\onedrive\desktop\3d-project-2025\3dproject\rasterizerdemo\rasterizerdemo\x64\debug\main.obj
c:\users\johan\onedrive\desktop\3d-project-2025\3dproject\rasterizerdemo\rasterizerdemo\x64\debug\pipelinehelper.obj
c:\users\johan\onedrive\desktop\3d-project-2025\3dproject\rasterizerdemo\rasterizerdemo\x64\debug\windowhelper.obj
c:\users\johan\onedrive\desktop\3d-project-2025\3dproject\rasterizerdemo\rasterizerdemo\x64\debug\rasterizerdemo.ilk
c:\users\johan\onedrive\desktop\3d-project-2025\3dproject\rasterizerdemo\rasterizerdemo\x64\debug\vc143.idb
c:\users\johan\onedrive\desktop\3d-project-2025\3dproject\rasterizerdemo\rasterizerdemo\x64\debug\vc143.pdb
c:\users\johan\onedrive\desktop\3d-project-2025\3dproject\rasterizerdemo\x64\debug\rasterizerdemo.pdb
c:\users\johan\onedrive\desktop\3d-project-2025\3dproject\rasterizerdemo\x64\debug\rasterizerdemo.exe
c:\users\johan\onedrive\desktop\3d-project-2025\3dproject\rasterizerdemo\rasterizerdemo\x64\debug\rasterizerdemo.tlog\cl.command.1.tlog
c:\users\johan\onedrive\desktop\3d-project-2025\3dproject\rasterizerdemo\rasterizerdemo\x64\debug\rasterizerdemo.tlog\cl.items.tlog
c:\users\johan\onedrive\desktop\3d-project-2025\3dproject\rasterizerdemo\rasterizerdemo\x64\debug\rasterizerdemo.tlog\cl.read.1.tlog
c:\users\johan\onedrive\desktop\3d-project-2025\3dproject\rasterizerdemo\rasterizerdemo\x64\debug\rasterizerdemo.tlog\cl.write.1.tlog
c:\users\johan\onedrive\desktop\3d-project-2025\3dproject\rasterizerdemo\rasterizerdemo\x64\debug\rasterizerdemo.tlog\fxc.command.1.tlog
c:\users\johan\onedrive\desktop\3d-project-2025\3dproject\rasterizerdemo\rasterizerdemo\x64\debug\rasterizerdemo.tlog\fxc.read.1.tlog
c:\users\johan\onedrive\desktop\3d-project-2025\3dproject\rasterizerdemo\rasterizerdemo\x64\debug\rasterizerdemo.tlog\fxc.write.1.tlog
c:\users\johan\onedrive\desktop\3d-project-2025\3dproject\rasterizerdemo\rasterizerdemo\x64\debug\rasterizerdemo.tlog\link.command.1.tlog
c:\users\johan\onedrive\desktop\3d-project-2025\3dproject\rasterizerdemo\rasterizerdemo\x64\debug\rasterizerdemo.tlog\link.read.1.tlog
c:\users\johan\onedrive\desktop\3d-project-2025\3dproject\rasterizerdemo\rasterizerdemo\x64\debug\rasterizerdemo.tlog\link.write.1.tlog
